<!DOCTYPE html PUBLIC "-//W3C//DTD XHTML 1.1//EN" "https://www.w3.org/TR/xhtml11/DTD/xhtml11.dtd">
<html xmlns="https://www.w3.org/1999/xhtml">
<head>
<meta http-equiv="content-type" content="text/html; charset=UTF-8"/>
<title>TestNG Report</title>
<style type="text/css">table {margin-bottom:10px;border-collapse:collapse;empty-cells:show}th,td {border:1px solid #009;padding:.25em .5em}th {vertical-align:bottom}td {vertical-align:top}table a {font-weight:bold}.stripe td {background-color: #E6EBF9}.num {text-align:right}.passedodd td {background-color: #3F3}.passedeven td {background-color: #0A0}.skippedodd td {background-color: #DDD}.skippedeven td {background-color: #CCC}.failedodd td,.attn {background-color: #F33}.failedeven td,.stripe .attn {background-color: #D00}.stacktrace {white-space:pre;font-family:monospace}.totop {font-size:85%;text-align:center;border-bottom:2px solid #000}.invisible {display:none}</style>
</head>
<body>
<table>
<tr><th>Test</th><th># Passed</th><th># Skipped</th><th># Retried</th><th># Failed</th><th>Time (ms)</th><th>Included Groups</th><th>Excluded Groups</th></tr>
<tr><th colspan="8">Suite</th></tr>
<tr><td><a href="#t0">Test</a></td><td class="num">13</td><td class="num attn">2</td><td class="num">0</td><td class="num attn">3</td><td class="num">528,738</td><td></td><td></td></tr>
</table>
<table id='summary'><thead><tr><th>Class</th><th>Method</th><th>Start</th><th>Time (ms)</th></tr></thead><tbody><tr><th colspan="4">Suite</th></tr></tbody><tbody id="t0"><tr><th colspan="4">Test &#8212; failed (configuration methods)</th></tr><tr class="failedeven"><td rowspan="1">com.thirtybees.testcases.CandlePageTest</td><td><a href="#m0">setUp</a></td><td rowspan="1">1629698884337</td><td rowspan="1">112596</td></tr><tr><th colspan="4">Test &#8212; failed</th></tr><tr class="failedeven"><td rowspan="3">com.thirtybees.testcases.HomePageTest</td><td><a href="#m1">validateBlogHeaders</a></td><td rowspan="1">1629698505664</td><td rowspan="1">1806</td></tr><tr class="failedeven"><td><a href="#m2">validateLabelOfCandle</a></td><td rowspan="1">1629698505382</td><td rowspan="1">169</td></tr><tr class="failedeven"><td><a href="#m3">validateLabelOfSoap</a></td><td rowspan="1">1629698505570</td><td rowspan="1">89</td></tr><tr><th colspan="4">Test &#8212; skipped (configuration methods)</th></tr><tr class="skippedeven"><td rowspan="3">com.thirtybees.testcases.CandlePageTest</td><td><a href="#m4">setUp</a></td><td rowspan="1">1629698996979</td><td rowspan="1">-1629698996979</td></tr><tr class="skippedeven"><td><a href="#m5">tearDown</a></td><td rowspan="2">1629698996987</td><td rowspan="2">-1629698996987</td></tr><tr class="skippedeven"><td><a href="#m6">tearDown</a></td></tr><tr><th colspan="4">Test &#8212; skipped</th></tr><tr class="skippedeven"><td rowspan="2">com.thirtybees.testcases.CandlePageTest</td><td><a href="#m7">validateCheckout</a></td><td rowspan="1">1629698996981</td><td rowspan="1">0</td></tr><tr class="skippedeven"><td><a href="#m8">validatenavigateToTwitter</a></td><td rowspan="1">1629698996947</td><td rowspan="1">0</td></tr><tr><th colspan="4">Test &#8212; passed</th></tr><tr class="passedeven"><td rowspan="3">com.thirtybees.testcases.CandlePageTest</td><td><a href="#m9">validateContinueShopping</a></td><td rowspan="1">1629698881768</td><td rowspan="1">2564</td></tr><tr class="passedeven"><td><a href="#m10">validateDatasheet</a></td><td rowspan="1">1629698842349</td><td rowspan="1">504</td></tr><tr class="passedeven"><td><a href="#m11">validatePageTitle</a></td><td rowspan="1">1629698811115</td><td rowspan="1">24</td></tr><tr class="passedodd"><td rowspan="1">com.thirtybees.testcases.HomePageTest</td><td><a href="#m12">validateSliderHeaders</a></td><td rowspan="1">1629698507480</td><td rowspan="1">962</td></tr><tr class="passedeven"><td rowspan="3">com.thirtybees.testcases.LoginPageTest</td><td><a href="#m13">validateBlankLoginCredential</a></td><td rowspan="1">1629698605549</td><td rowspan="1">664</td></tr><tr class="passedeven"><td><a href="#m14">validateInvalidateLoginCredential</a></td><td rowspan="1">1629698554801</td><td rowspan="1">1818</td></tr><tr class="passedeven"><td><a href="#m15">validateValidLoginCredential</a></td><td rowspan="1">1629698650490</td><td rowspan="1">3435</td></tr><tr class="passedodd"><td rowspan="3">com.thirtybees.testcases.MugPageTest</td><td><a href="#m16">validateCheckout</a></td><td rowspan="1">1629698770623</td><td rowspan="1">2984</td></tr><tr class="passedodd"><td><a href="#m17">validateContinueShopping</a></td><td rowspan="1">1629698769452</td><td rowspan="1">1166</td></tr><tr class="passedodd"><td><a href="#m18">validatemugColors</a></td><td rowspan="1">1629698769090</td><td rowspan="1">354</td></tr><tr class="passedeven"><td rowspan="3">com.thirtybees.testcases.SoapPageTest</td><td><a href="#m19">validateCheckout</a></td><td rowspan="1">1629698710382</td><td rowspan="1">5415</td></tr><tr class="passedeven"><td><a href="#m20">validateContinueShopping</a></td><td rowspan="1">1629698706385</td><td rowspan="1">2972</td></tr><tr class="passedeven"><td><a href="#m21">validateDataSheet</a></td><td rowspan="1">1629698709359</td><td rowspan="1">1008</td></tr></tbody>
</table>
<h2>Test</h2><h3 id="m0">com.thirtybees.testcases.CandlePageTest#setUp</h3><table class="result"><tr><th>Exception</th></tr><tr><td><div class="stacktrace">org.openqa.selenium.NoSuchElementException: no such element: Unable to locate element: {&quot;method&quot;:&quot;xpath&quot;,&quot;selector&quot;:&quot;//main[@id=&apos;center_column&apos;]//ul[@id=&apos;homefeatured&apos;][1]//li[1]&quot;}
  (Session info: chrome=92.0.4515.159)
For documentation on this error, please visit: https://www.seleniumhq.org/exceptions/no_such_element.html
Build info: version: &apos;3.141.59&apos;, revision: &apos;e82be7d358&apos;, time: &apos;2018-11-14T08:17:03&apos;
System info: host: &apos;RAKESH&apos;, ip: &apos;192.168.43.133&apos;, os.name: &apos;Windows 8.1&apos;, os.arch: &apos;amd64&apos;, os.version: &apos;6.3&apos;, java.version: &apos;11.0.8&apos;
Driver info: org.openqa.selenium.chrome.ChromeDriver
Capabilities {acceptInsecureCerts: false, browserName: chrome, browserVersion: 92.0.4515.159, chrome: {chromedriverVersion: 92.0.4515.43 (8c61b7e2989f2..., userDataDir: C:\Users\RAKESH~1\AppData\L...}, goog:chromeOptions: {debuggerAddress: localhost:54796}, javascriptEnabled: true, networkConnectionEnabled: false, pageLoadStrategy: normal, platform: WINDOWS, platformName: WINDOWS, proxy: Proxy(), setWindowRect: true, strictFileInteractability: false, timeouts: {implicit: 0, pageLoad: 300000, script: 30000}, unhandledPromptBehavior: dismiss and notify, webauthn:extension:credBlob: true, webauthn:extension:largeBlob: true, webauthn:virtualAuthenticators: true}
Session ID: b064c4c19afdf8ec44f5057c8159e19d
*** Element info: {Using=xpath, value=//main[@id=&apos;center_column&apos;]//ul[@id=&apos;homefeatured&apos;][1]//li[1]}
	at org.openqa.selenium.remote.http.W3CHttpResponseCodec.createException(W3CHttpResponseCodec.java:187)
	at org.openqa.selenium.remote.http.W3CHttpResponseCodec.decode(W3CHttpResponseCodec.java:122)
	at org.openqa.selenium.remote.http.W3CHttpResponseCodec.decode(W3CHttpResponseCodec.java:49)
	at org.openqa.selenium.remote.HttpCommandExecutor.execute(HttpCommandExecutor.java:158)
	at org.openqa.selenium.remote.service.DriverCommandExecutor.execute(DriverCommandExecutor.java:83)
	at org.openqa.selenium.remote.RemoteWebDriver.execute(RemoteWebDriver.java:552)
	at org.openqa.selenium.remote.RemoteWebDriver.findElement(RemoteWebDriver.java:323)
	at org.openqa.selenium.remote.RemoteWebDriver.findElementByXPath(RemoteWebDriver.java:428)
	at org.openqa.selenium.By$ByXPath.findElement(By.java:353)
	at org.openqa.selenium.remote.RemoteWebDriver.findElement(RemoteWebDriver.java:315)
	at org.openqa.selenium.support.pagefactory.DefaultElementLocator.findElement(DefaultElementLocator.java:69)
	at org.openqa.selenium.support.pagefactory.internal.LocatingElementHandler.invoke(LocatingElementHandler.java:38)
	at com.sun.proxy.$Proxy15.click(Unknown Source)
	at com.thirtybees.pages.HomePage.navigateToCandlePage(HomePage.java:27)
	at com.thirtybees.testcases.CandlePageTest.setUp(CandlePageTest.java:23)
	at java.base/java.util.ArrayList.forEach(ArrayList.java:1541)
... Removed 35 stack frames</div></td></tr></table><p class="totop"><a href="#summary">back to summary</a></p>
<h3 id="m1">com.thirtybees.testcases.HomePageTest#validateBlogHeaders</h3><table class="result"><tr><th>Exception</th></tr><tr><td><div class="stacktrace">java.lang.AssertionError: expected [true] but found [false]
	at com.thirtybees.testcases.HomePageTest.validateBlogHeaders(HomePageTest.java:37)
	at java.base/java.util.ArrayList.forEach(ArrayList.java:1541)
... Removed 31 stack frames</div></td></tr></table><p class="totop"><a href="#summary">back to summary</a></p>
<h3 id="m2">com.thirtybees.testcases.HomePageTest#validateLabelOfCandle</h3><table class="result"><tr><th>Exception</th></tr><tr><td><div class="stacktrace">java.lang.AssertionError: expected [PERFUME] but found [CANDLE]
	at com.thirtybees.testcases.HomePageTest.validateLabelOfCandle(HomePageTest.java:25)
	at java.base/java.util.ArrayList.forEach(ArrayList.java:1541)
... Removed 33 stack frames</div></td></tr></table><p class="totop"><a href="#summary">back to summary</a></p>
<h3 id="m3">com.thirtybees.testcases.HomePageTest#validateLabelOfSoap</h3><table class="result"><tr><th>Exception</th></tr><tr><td><div class="stacktrace">java.lang.AssertionError: expected [BODY WASH] but found [SOAP]
	at com.thirtybees.testcases.HomePageTest.validateLabelOfSoap(HomePageTest.java:32)
	at java.base/java.util.ArrayList.forEach(ArrayList.java:1541)
... Removed 33 stack frames</div></td></tr></table><p class="totop"><a href="#summary">back to summary</a></p>
<h3 id="m4">com.thirtybees.testcases.CandlePageTest#setUp</h3><table class="result"><tr><th class="invisible"/></tr></table><p class="totop"><a href="#summary">back to summary</a></p>
<h3 id="m5">com.thirtybees.testcases.CandlePageTest#tearDown</h3><table class="result"><tr><th class="invisible"/></tr></table><p class="totop"><a href="#summary">back to summary</a></p>
<h3 id="m6">com.thirtybees.testcases.CandlePageTest#tearDown</h3><table class="result"><tr><th class="invisible"/></tr></table><p class="totop"><a href="#summary">back to summary</a></p>
<h3 id="m7">com.thirtybees.testcases.CandlePageTest#validateCheckout</h3><table class="result"><tr><th>Exception</th></tr><tr><td><div class="stacktrace">org.openqa.selenium.NoSuchElementException: no such element: Unable to locate element: {&quot;method&quot;:&quot;xpath&quot;,&quot;selector&quot;:&quot;//main[@id=&apos;center_column&apos;]//ul[@id=&apos;homefeatured&apos;][1]//li[1]&quot;}
  (Session info: chrome=92.0.4515.159)
For documentation on this error, please visit: https://www.seleniumhq.org/exceptions/no_such_element.html
Build info: version: &apos;3.141.59&apos;, revision: &apos;e82be7d358&apos;, time: &apos;2018-11-14T08:17:03&apos;
System info: host: &apos;RAKESH&apos;, ip: &apos;192.168.43.133&apos;, os.name: &apos;Windows 8.1&apos;, os.arch: &apos;amd64&apos;, os.version: &apos;6.3&apos;, java.version: &apos;11.0.8&apos;
Driver info: org.openqa.selenium.chrome.ChromeDriver
Capabilities {acceptInsecureCerts: false, browserName: chrome, browserVersion: 92.0.4515.159, chrome: {chromedriverVersion: 92.0.4515.43 (8c61b7e2989f2..., userDataDir: C:\Users\RAKESH~1\AppData\L...}, goog:chromeOptions: {debuggerAddress: localhost:54796}, javascriptEnabled: true, networkConnectionEnabled: false, pageLoadStrategy: normal, platform: WINDOWS, platformName: WINDOWS, proxy: Proxy(), setWindowRect: true, strictFileInteractability: false, timeouts: {implicit: 0, pageLoad: 300000, script: 30000}, unhandledPromptBehavior: dismiss and notify, webauthn:extension:credBlob: true, webauthn:extension:largeBlob: true, webauthn:virtualAuthenticators: true}
Session ID: b064c4c19afdf8ec44f5057c8159e19d
*** Element info: {Using=xpath, value=//main[@id=&apos;center_column&apos;]//ul[@id=&apos;homefeatured&apos;][1]//li[1]}
	at org.openqa.selenium.remote.http.W3CHttpResponseCodec.createException(W3CHttpResponseCodec.java:187)
	at org.openqa.selenium.remote.http.W3CHttpResponseCodec.decode(W3CHttpResponseCodec.java:122)
	at org.openqa.selenium.remote.http.W3CHttpResponseCodec.decode(W3CHttpResponseCodec.java:49)
	at org.openqa.selenium.remote.HttpCommandExecutor.execute(HttpCommandExecutor.java:158)
	at org.openqa.selenium.remote.service.DriverCommandExecutor.execute(DriverCommandExecutor.java:83)
	at org.openqa.selenium.remote.RemoteWebDriver.execute(RemoteWebDriver.java:552)
	at org.openqa.selenium.remote.RemoteWebDriver.findElement(RemoteWebDriver.java:323)
	at org.openqa.selenium.remote.RemoteWebDriver.findElementByXPath(RemoteWebDriver.java:428)
	at org.openqa.selenium.By$ByXPath.findElement(By.java:353)
	at org.openqa.selenium.remote.RemoteWebDriver.findElement(RemoteWebDriver.java:315)
	at org.openqa.selenium.support.pagefactory.DefaultElementLocator.findElement(DefaultElementLocator.java:69)
	at org.openqa.selenium.support.pagefactory.internal.LocatingElementHandler.invoke(LocatingElementHandler.java:38)
	at com.sun.proxy.$Proxy15.click(Unknown Source)
	at com.thirtybees.pages.HomePage.navigateToCandlePage(HomePage.java:27)
	at com.thirtybees.testcases.CandlePageTest.setUp(CandlePageTest.java:23)
	at java.base/java.util.ArrayList.forEach(ArrayList.java:1541)
... Removed 35 stack frames</div></td></tr></table><p class="totop"><a href="#summary">back to summary</a></p>
<h3 id="m8">com.thirtybees.testcases.CandlePageTest#validatenavigateToTwitter</h3><table class="result"><tr><th>Exception</th></tr><tr><td><div class="stacktrace">org.openqa.selenium.NoSuchElementException: no such element: Unable to locate element: {&quot;method&quot;:&quot;xpath&quot;,&quot;selector&quot;:&quot;//main[@id=&apos;center_column&apos;]//ul[@id=&apos;homefeatured&apos;][1]//li[1]&quot;}
  (Session info: chrome=92.0.4515.159)
For documentation on this error, please visit: https://www.seleniumhq.org/exceptions/no_such_element.html
Build info: version: &apos;3.141.59&apos;, revision: &apos;e82be7d358&apos;, time: &apos;2018-11-14T08:17:03&apos;
System info: host: &apos;RAKESH&apos;, ip: &apos;192.168.43.133&apos;, os.name: &apos;Windows 8.1&apos;, os.arch: &apos;amd64&apos;, os.version: &apos;6.3&apos;, java.version: &apos;11.0.8&apos;
Driver info: org.openqa.selenium.chrome.ChromeDriver
Capabilities {acceptInsecureCerts: false, browserName: chrome, browserVersion: 92.0.4515.159, chrome: {chromedriverVersion: 92.0.4515.43 (8c61b7e2989f2..., userDataDir: C:\Users\RAKESH~1\AppData\L...}, goog:chromeOptions: {debuggerAddress: localhost:54796}, javascriptEnabled: true, networkConnectionEnabled: false, pageLoadStrategy: normal, platform: WINDOWS, platformName: WINDOWS, proxy: Proxy(), setWindowRect: true, strictFileInteractability: false, timeouts: {implicit: 0, pageLoad: 300000, script: 30000}, unhandledPromptBehavior: dismiss and notify, webauthn:extension:credBlob: true, webauthn:extension:largeBlob: true, webauthn:virtualAuthenticators: true}
Session ID: b064c4c19afdf8ec44f5057c8159e19d
*** Element info: {Using=xpath, value=//main[@id=&apos;center_column&apos;]//ul[@id=&apos;homefeatured&apos;][1]//li[1]}
	at org.openqa.selenium.remote.http.W3CHttpResponseCodec.createException(W3CHttpResponseCodec.java:187)
	at org.openqa.selenium.remote.http.W3CHttpResponseCodec.decode(W3CHttpResponseCodec.java:122)
	at org.openqa.selenium.remote.http.W3CHttpResponseCodec.decode(W3CHttpResponseCodec.java:49)
	at org.openqa.selenium.remote.HttpCommandExecutor.execute(HttpCommandExecutor.java:158)
	at org.openqa.selenium.remote.service.DriverCommandExecutor.execute(DriverCommandExecutor.java:83)
	at org.openqa.selenium.remote.RemoteWebDriver.execute(RemoteWebDriver.java:552)
	at org.openqa.selenium.remote.RemoteWebDriver.findElement(RemoteWebDriver.java:323)
	at org.openqa.selenium.remote.RemoteWebDriver.findElementByXPath(RemoteWebDriver.java:428)
	at org.openqa.selenium.By$ByXPath.findElement(By.java:353)
	at org.openqa.selenium.remote.RemoteWebDriver.findElement(RemoteWebDriver.java:315)
	at org.openqa.selenium.support.pagefactory.DefaultElementLocator.findElement(DefaultElementLocator.java:69)
	at org.openqa.selenium.support.pagefactory.internal.LocatingElementHandler.invoke(LocatingElementHandler.java:38)
	at com.sun.proxy.$Proxy15.click(Unknown Source)
	at com.thirtybees.pages.HomePage.navigateToCandlePage(HomePage.java:27)
	at com.thirtybees.testcases.CandlePageTest.setUp(CandlePageTest.java:23)
	at java.base/java.util.ArrayList.forEach(ArrayList.java:1541)
... Removed 35 stack frames</div></td></tr></table><p class="totop"><a href="#summary">back to summary</a></p>
<h3 id="m9">com.thirtybees.testcases.CandlePageTest#validateContinueShopping</h3><table class="result"><tr><th class="invisible"/></tr></table><p class="totop"><a href="#summary">back to summary</a></p>
<h3 id="m10">com.thirtybees.testcases.CandlePageTest#validateDatasheet</h3><table class="result"><tr><th class="invisible"/></tr></table><p class="totop"><a href="#summary">back to summary</a></p>
<h3 id="m11">com.thirtybees.testcases.CandlePageTest#validatePageTitle</h3><table class="result"><tr><th class="invisible"/></tr></table><p class="totop"><a href="#summary">back to summary</a></p>
<h3 id="m12">com.thirtybees.testcases.HomePageTest#validateSliderHeaders</h3><table class="result"><tr><th class="invisible"/></tr></table><p class="totop"><a href="#summary">back to summary</a></p>
<h3 id="m13">com.thirtybees.testcases.LoginPageTest#validateBlankLoginCredential</h3><table class="result"><tr><th class="invisible"/></tr></table><p class="totop"><a href="#summary">back to summary</a></p>
<h3 id="m14">com.thirtybees.testcases.LoginPageTest#validateInvalidateLoginCredential</h3><table class="result"><tr><th class="invisible"/></tr></table><p class="totop"><a href="#summary">back to summary</a></p>
<h3 id="m15">com.thirtybees.testcases.LoginPageTest#validateValidLoginCredential</h3><table class="result"><tr><th class="invisible"/></tr></table><p class="totop"><a href="#summary">back to summary</a></p>
<h3 id="m16">com.thirtybees.testcases.MugPageTest#validateCheckout</h3><table class="result"><tr><th class="invisible"/></tr></table><p class="totop"><a href="#summary">back to summary</a></p>
<h3 id="m17">com.thirtybees.testcases.MugPageTest#validateContinueShopping</h3><table class="result"><tr><th class="invisible"/></tr></table><p class="totop"><a href="#summary">back to summary</a></p>
<h3 id="m18">com.thirtybees.testcases.MugPageTest#validatemugColors</h3><table class="result"><tr><th class="invisible"/></tr></table><p class="totop"><a href="#summary">back to summary</a></p>
<h3 id="m19">com.thirtybees.testcases.SoapPageTest#validateCheckout</h3><table class="result"><tr><th class="invisible"/></tr></table><p class="totop"><a href="#summary">back to summary</a></p>
<h3 id="m20">com.thirtybees.testcases.SoapPageTest#validateContinueShopping</h3><table class="result"><tr><th class="invisible"/></tr></table><p class="totop"><a href="#summary">back to summary</a></p>
<h3 id="m21">com.thirtybees.testcases.SoapPageTest#validateDataSheet</h3><table class="result"><tr><th class="invisible"/></tr></table><p class="totop"><a href="#summary">back to summary</a></p>
</body>
</html>
