<?xml version="1.0" encoding="UTF-8"?>
<!-- Generated by org.testng.reporters.JUnitXMLReporter -->
<testsuite ignored="0" hostname="Rakesh" failures="3" tests="18" name="Test" time="528.738" errors="0" timestamp="2021-08-23T11:39:57 IST">
  <testcase classname="com.thirtybees.testcases.CandlePageTest" name="@BeforeMethod setUp" time="112.596">
    <failure type="org.openqa.selenium.NoSuchElementException" message="no such element: Unable to locate element: {&amp;quot;method&amp;quot;:&amp;quot;xpath&amp;quot;,&amp;quot;selector&amp;quot;:&amp;quot;//main[@id=&amp;apos;center_column&amp;apos;]//ul[@id=&amp;apos;homefeatured&amp;apos;][1]//li[1]&amp;quot;}
  (Session info: chrome=92.0.4515.159)
For documentation on this error, please visit: https://www.seleniumhq.org/exceptions/no_such_element.html
Build info: version: &amp;apos;3.141.59&amp;apos;, revision: &amp;apos;e82be7d358&amp;apos;, time: &amp;apos;2018-11-14T08:17:03&amp;apos;
System info: host: &amp;apos;RAKESH&amp;apos;, ip: &amp;apos;192.168.43.133&amp;apos;, os.name: &amp;apos;Windows 8.1&amp;apos;, os.arch: &amp;apos;amd64&amp;apos;, os.version: &amp;apos;6.3&amp;apos;, java.version: &amp;apos;11.0.8&amp;apos;
Driver info: org.openqa.selenium.chrome.ChromeDriver
Capabilities {acceptInsecureCerts: false, browserName: chrome, browserVersion: 92.0.4515.159, chrome: {chromedriverVersion: 92.0.4515.43 (8c61b7e2989f2..., userDataDir: C:\Users\RAKESH~1\AppData\L...}, goog:chromeOptions: {debuggerAddress: localhost:54796}, javascriptEnabled: true, networkConnectionEnabled: false, pageLoadStrategy: normal, platform: WINDOWS, platformName: WINDOWS, proxy: Proxy(), setWindowRect: true, strictFileInteractability: false, timeouts: {implicit: 0, pageLoad: 300000, script: 30000}, unhandledPromptBehavior: dismiss and notify, webauthn:extension:credBlob: true, webauthn:extension:largeBlob: true, webauthn:virtualAuthenticators: true}
Session ID: b064c4c19afdf8ec44f5057c8159e19d
*** Element info: {Using=xpath, value=//main[@id=&amp;apos;center_column&amp;apos;]//ul[@id=&amp;apos;homefeatured&amp;apos;][1]//li[1]}">
      <![CDATA[org.openqa.selenium.NoSuchElementException: no such element: Unable to locate element: {"method":"xpath","selector":"//main[@id='center_column']//ul[@id='homefeatured'][1]//li[1]"}
  (Session info: chrome=92.0.4515.159)
For documentation on this error, please visit: https://www.seleniumhq.org/exceptions/no_such_element.html
Build info: version: '3.141.59', revision: 'e82be7d358', time: '2018-11-14T08:17:03'
System info: host: 'RAKESH', ip: '192.168.43.133', os.name: 'Windows 8.1', os.arch: 'amd64', os.version: '6.3', java.version: '11.0.8'
Driver info: org.openqa.selenium.chrome.ChromeDriver
Capabilities {acceptInsecureCerts: false, browserName: chrome, browserVersion: 92.0.4515.159, chrome: {chromedriverVersion: 92.0.4515.43 (8c61b7e2989f2..., userDataDir: C:\Users\RAKESH~1\AppData\L...}, goog:chromeOptions: {debuggerAddress: localhost:54796}, javascriptEnabled: true, networkConnectionEnabled: false, pageLoadStrategy: normal, platform: WINDOWS, platformName: WINDOWS, proxy: Proxy(), setWindowRect: true, strictFileInteractability: false, timeouts: {implicit: 0, pageLoad: 300000, script: 30000}, unhandledPromptBehavior: dismiss and notify, webauthn:extension:credBlob: true, webauthn:extension:largeBlob: true, webauthn:virtualAuthenticators: true}
Session ID: b064c4c19afdf8ec44f5057c8159e19d
*** Element info: {Using=xpath, value=//main[@id='center_column']//ul[@id='homefeatured'][1]//li[1]}
at org.openqa.selenium.remote.http.W3CHttpResponseCodec.createException(W3CHttpResponseCodec.java:187)
at org.openqa.selenium.remote.http.W3CHttpResponseCodec.decode(W3CHttpResponseCodec.java:122)
at org.openqa.selenium.remote.http.W3CHttpResponseCodec.decode(W3CHttpResponseCodec.java:49)
at org.openqa.selenium.remote.HttpCommandExecutor.execute(HttpCommandExecutor.java:158)
at org.openqa.selenium.remote.service.DriverCommandExecutor.execute(DriverCommandExecutor.java:83)
at org.openqa.selenium.remote.RemoteWebDriver.execute(RemoteWebDriver.java:552)
at org.openqa.selenium.remote.RemoteWebDriver.findElement(RemoteWebDriver.java:323)
at org.openqa.selenium.remote.RemoteWebDriver.findElementByXPath(RemoteWebDriver.java:428)
at org.openqa.selenium.By$ByXPath.findElement(By.java:353)
at org.openqa.selenium.remote.RemoteWebDriver.findElement(RemoteWebDriver.java:315)
at org.openqa.selenium.support.pagefactory.DefaultElementLocator.findElement(DefaultElementLocator.java:69)
at org.openqa.selenium.support.pagefactory.internal.LocatingElementHandler.invoke(LocatingElementHandler.java:38)
at com.sun.proxy.$Proxy15.click(Unknown Source)
at com.thirtybees.pages.HomePage.navigateToCandlePage(HomePage.java:27)
at com.thirtybees.testcases.CandlePageTest.setUp(CandlePageTest.java:23)
at java.base/java.util.ArrayList.forEach(ArrayList.java:1541)
... Removed 35 stack frames]]>
    </failure>
  </testcase> <!-- @BeforeMethod setUp -->
  <testcase classname="com.thirtybees.testcases.CandlePageTest" name="@AfterMethod tearDown" time="-1.629698996977E9">
    <skipped/>
  </testcase> <!-- @AfterMethod tearDown -->
  <testcase classname="com.thirtybees.testcases.CandlePageTest" name="@BeforeMethod setUp" time="-1.629698996979E9">
    <skipped/>
  </testcase> <!-- @BeforeMethod setUp -->
  <testcase classname="com.thirtybees.testcases.CandlePageTest" name="@AfterMethod tearDown" time="-1.629698996987E9">
    <skipped/>
  </testcase> <!-- @AfterMethod tearDown -->
  <testcase classname="com.thirtybees.testcases.HomePageTest" name="validateLabelOfCandle" time="0.169">
    <failure type="java.lang.AssertionError" message="expected [PERFUME] but found [CANDLE]">
      <![CDATA[java.lang.AssertionError: expected [PERFUME] but found [CANDLE]
at com.thirtybees.testcases.HomePageTest.validateLabelOfCandle(HomePageTest.java:25)
at java.base/java.util.ArrayList.forEach(ArrayList.java:1541)
... Removed 33 stack frames]]>
    </failure>
  </testcase> <!-- validateLabelOfCandle -->
  <testcase classname="com.thirtybees.testcases.HomePageTest" name="validateLabelOfSoap" time="0.089">
    <failure type="java.lang.AssertionError" message="expected [BODY WASH] but found [SOAP]">
      <![CDATA[java.lang.AssertionError: expected [BODY WASH] but found [SOAP]
at com.thirtybees.testcases.HomePageTest.validateLabelOfSoap(HomePageTest.java:32)
at java.base/java.util.ArrayList.forEach(ArrayList.java:1541)
... Removed 33 stack frames]]>
    </failure>
  </testcase> <!-- validateLabelOfSoap -->
  <testcase classname="com.thirtybees.testcases.HomePageTest" name="validateBlogHeaders" time="1.806">
    <failure type="java.lang.AssertionError" message="expected [true] but found [false]">
      <![CDATA[java.lang.AssertionError: expected [true] but found [false]
at com.thirtybees.testcases.HomePageTest.validateBlogHeaders(HomePageTest.java:37)
at java.base/java.util.ArrayList.forEach(ArrayList.java:1541)
... Removed 31 stack frames]]>
    </failure>
  </testcase> <!-- validateBlogHeaders -->
  <testcase classname="com.thirtybees.testcases.HomePageTest" name="validateSliderHeaders" time="0.962"/>
  <testcase classname="com.thirtybees.testcases.LoginPageTest" name="validateInvalidateLoginCredential" time="1.818"/>
  <testcase classname="com.thirtybees.testcases.LoginPageTest" name="validateBlankLoginCredential" time="0.664"/>
  <testcase classname="com.thirtybees.testcases.LoginPageTest" name="validateValidLoginCredential" time="3.435"/>
  <testcase classname="com.thirtybees.testcases.SoapPageTest" name="validateContinueShopping" time="2.972"/>
  <testcase classname="com.thirtybees.testcases.SoapPageTest" name="validateDataSheet" time="1.008"/>
  <testcase classname="com.thirtybees.testcases.SoapPageTest" name="validateCheckout" time="5.415"/>
  <testcase classname="com.thirtybees.testcases.MugPageTest" name="validatemugColors" time="0.354"/>
  <testcase classname="com.thirtybees.testcases.MugPageTest" name="validateContinueShopping" time="1.166"/>
  <testcase classname="com.thirtybees.testcases.MugPageTest" name="validateCheckout" time="2.984"/>
  <testcase classname="com.thirtybees.testcases.CandlePageTest" name="validatePageTitle" time="0.024"/>
  <testcase classname="com.thirtybees.testcases.CandlePageTest" name="validateDatasheet" time="0.504"/>
  <testcase classname="com.thirtybees.testcases.CandlePageTest" name="validateContinueShopping" time="2.564"/>
  <testcase classname="com.thirtybees.testcases.CandlePageTest" name="validatenavigateToTwitter" time="0.0">
    <skipped/>
  </testcase> <!-- validatenavigateToTwitter -->
  <testcase classname="com.thirtybees.testcases.CandlePageTest" name="validateCheckout" time="0.0">
    <skipped/>
  </testcase> <!-- validateCheckout -->
</testsuite> <!-- Test -->
